# JRE version: Java(TM) SE Runtime Environment (7.0_72-b14) (build 1.7.0_72-b14)
# Java VM: Java HotSpot(TM) Server VM (24.72-b04 mixed mode linux-x86 )
Heap
 PSYoungGen      total 33024K, used 2300K [0x9df80000, 0xa0200000, 0xb3500000)
  eden space 30720K, 0% used [0x9df80000,0x9df80000,0x9fd80000)
  from space 2304K, 99% used [0x9fd80000,0x9ffbf1d0,0x9ffc0000)
  to   space 2304K, 0% used [0x9ffc0000,0x9ffc0000,0xa0200000)
 ParOldGen       total 39680K, used 22815K [0x73500000, 0x75bc0000, 0x9df80000)
  object space 39680K, 57% used [0x73500000,0x74b47ef0,0x75bc0000)
 PSPermGen       total 16384K, used 4507K [0x6f500000, 0x70500000, 0x73500000)
  object space 16384K, 27% used [0x6f500000,0x6f966d90,0x70500000)
GC Heap History (9 events):
Event: 0.733 GC heap before
{Heap before GC invocations=1 (full 0):
 PSYoungGen      total 17664K, used 15360K [0x9df80000, 0x9f300000, 0xb3500000)
  eden space 15360K, 100% used [0x9df80000,0x9ee80000,0x9ee80000)
  from space 2304K, 0% used [0x9f0c0000,0x9f0c0000,0x9f300000)
  to   space 2304K, 0% used [0x9ee80000,0x9ee80000,0x9f0c0000)
 ParOldGen       total 39680K, used 0K [0x73500000, 0x75bc0000, 0x9df80000)
  object space 39680K, 0% used [0x73500000,0x73500000,0x75bc0000)
 PSPermGen       total 16384K, used 3300K [0x6f500000, 0x70500000, 0x73500000)
  object space 16384K, 20% used [0x6f500000,0x6f8392a8,0x70500000)
Event: 0.739 GC heap after
Heap after GC invocations=1 (full 0):
 PSYoungGen      total 17664K, used 2299K [0x9df80000, 0x9f300000, 0xb3500000)
  eden space 15360K, 0% used [0x9df80000,0x9df80000,0x9ee80000)
  from space 2304K, 99% used [0x9ee80000,0x9f0befa0,0x9f0c0000)
  to   space 2304K, 0% used [0x9f0c0000,0x9f0c0000,0x9f300000)
 ParOldGen       total 39680K, used 1629K [0x73500000, 0x75bc0000, 0x9df80000)
  object space 39680K, 4% used [0x73500000,0x73697770,0x75bc0000)
 PSPermGen       total 16384K, used 3300K [0x6f500000, 0x70500000, 0x73500000)
  object space 16384K, 20% used [0x6f500000,0x6f8392a8,0x70500000)
}
Event: 1.089 GC heap before
{Heap before GC invocations=2 (full 0):
 PSYoungGen      total 17664K, used 17193K [0x9df80000, 0x9f300000, 0xb3500000)
  eden space 15360K, 96% used [0x9df80000,0x9ee0b5e0,0x9ee80000)
  from space 2304K, 99% used [0x9ee80000,0x9f0befa0,0x9f0c0000)
  to   space 2304K, 0% used [0x9f0c0000,0x9f0c0000,0x9f300000)
 ParOldGen       total 39680K, used 1629K [0x73500000, 0x75bc0000, 0x9df80000)
  object space 39680K, 4% used [0x73500000,0x73697770,0x75bc0000)
 PSPermGen       total 16384K, used 3605K [0x6f500000, 0x70500000, 0x73500000)
  object space 16384K, 22% used [0x6f500000,0x6f8856b0,0x70500000)
Event: 1.096 GC heap after
Heap after GC invocations=2 (full 0):
 PSYoungGen      total 17664K, used 2301K [0x9df80000, 0xa0200000, 0xb3500000)
  eden space 15360K, 0% used [0x9df80000,0x9df80000,0x9ee80000)
  from space 2304K, 99% used [0x9f0c0000,0x9f2ff718,0x9f300000)
  to   space 2304K, 0% used [0x9ee80000,0x9ee80000,0x9f0c0000)
 ParOldGen       total 39680K, used 5351K [0x73500000, 0x75bc0000, 0x9df80000)
  object space 39680K, 13% used [0x73500000,0x73a39d20,0x75bc0000)
 PSPermGen       total 16384K, used 3605K [0x6f500000, 0x70500000, 0x73500000)
  object space 16384K, 22% used [0x6f500000,0x6f8856b0,0x70500000)
}
Event: 1.672 GC heap before
{Heap before GC invocations=3 (full 0):
 PSYoungGen      total 17664K, used 17661K [0x9df80000, 0xa0200000, 0xb3500000)
  eden space 15360K, 100% used [0x9df80000,0x9ee80000,0x9ee80000)
  from space 2304K, 99% used [0x9f0c0000,0x9f2ff718,0x9f300000)
  to   space 2304K, 0% used [0x9ee80000,0x9ee80000,0x9f0c0000)
 ParOldGen       total 39680K, used 5351K [0x73500000, 0x75bc0000, 0x9df80000)
  object space 39680K, 13% used [0x73500000,0x73a39d20,0x75bc0000)
 PSPermGen       total 16384K, used 4470K [0x6f500000, 0x70500000, 0x73500000)
  object space 16384K, 27% used [0x6f500000,0x6f95d9c8,0x70500000)
Event: 1.678 GC heap after
Heap after GC invocations=3 (full 0):
 PSYoungGen      total 17664K, used 2298K [0x9df80000, 0xa0200000, 0xb3500000)
  eden space 15360K, 0% used [0x9df80000,0x9df80000,0x9ee80000)
  from space 2304K, 99% used [0x9ee80000,0x9f0be9d0,0x9f0c0000)
  to   space 2304K, 0% used [0x9ffc0000,0x9ffc0000,0xa0200000)
 ParOldGen       total 39680K, used 9580K [0x73500000, 0x75bc0000, 0x9df80000)
  object space 39680K, 24% used [0x73500000,0x73e5b398,0x75bc0000)
 PSPermGen       total 16384K, used 4470K [0x6f500000, 0x70500000, 0x73500000)
  object space 16384K, 27% used [0x6f500000,0x6f95d9c8,0x70500000)
}
Event: 1.843 GC heap before
{Heap before GC invocations=4 (full 0):
 PSYoungGen      total 17664K, used 17658K [0x9df80000, 0xa0200000, 0xb3500000)
  eden space 15360K, 100% used [0x9df80000,0x9ee80000,0x9ee80000)
  from space 2304K, 99% used [0x9ee80000,0x9f0be9d0,0x9f0c0000)
  to   space 2304K, 0% used [0x9ffc0000,0x9ffc0000,0xa0200000)
 ParOldGen       total 39680K, used 9580K [0x73500000, 0x75bc0000, 0x9df80000)
  object space 39680K, 24% used [0x73500000,0x73e5b398,0x75bc0000)
 PSPermGen       total 16384K, used 4487K [0x6f500000, 0x70500000, 0x73500000)
  object space 16384K, 27% used [0x6f500000,0x6f961c70,0x70500000)
Event: 1.849 GC heap after
Heap after GC invocations=4 (full 0):
 PSYoungGen      total 33024K, used 2291K [0x9df80000, 0xa0200000, 0xb3500000)
  eden space 30720K, 0% used [0x9df80000,0x9df80000,0x9fd80000)
  from space 2304K, 99% used [0x9ffc0000,0xa01fcfa0,0xa0200000)
  to   space 2304K, 0% used [0x9fd80000,0x9fd80000,0x9ffc0000)
 ParOldGen       total 39680K, used 18959K [0x73500000, 0x75bc0000, 0x9df80000)
  object space 39680K, 47% used [0x73500000,0x74783f30,0x75bc0000)
 PSPermGen       total 16384K, used 4487K [0x6f500000, 0x70500000, 0x73500000)
  object space 16384K, 27% used [0x6f500000,0x6f961c70,0x70500000)
}
Event: 2.105 GC heap before
{Heap before GC invocations=5 (full 0):
 PSYoungGen      total 33024K, used 33011K [0x9df80000, 0xa0200000, 0xb3500000)
  eden space 30720K, 100% used [0x9df80000,0x9fd80000,0x9fd80000)
  from space 2304K, 99% used [0x9ffc0000,0xa01fcfa0,0xa0200000)
  to   space 2304K, 0% used [0x9fd80000,0x9fd80000,0x9ffc0000)
 ParOldGen       total 39680K, used 18959K [0x73500000, 0x75bc0000, 0x9df80000)
  object space 39680K, 47% used [0x73500000,0x74783f30,0x75bc0000)
 PSPermGen       total 16384K, used 4507K [0x6f500000, 0x70500000, 0x73500000)
  object space 16384K, 27% used [0x6f500000,0x6f966d90,0x70500000)

