# JRE version: Java(TM) SE Runtime Environment (7.0_72-b14) (build 1.7.0_72-b14)
# Java VM: Java HotSpot(TM) Server VM (24.72-b04 mixed mode linux-x86 )
Heap
 PSYoungGen      total 194560K, used 11988K [0x9e040000, 0xaacc0000, 0xb35c0000)
  eden space 179712K, 0% used [0x9e040000,0x9e040000,0xa8fc0000)
  from space 14848K, 80% used [0xa9e40000,0xaa9f53f0,0xaacc0000)
  to   space 2560K, 0% used [0xa8fc0000,0xa8fc0000,0xa9240000)
 ParOldGen       total 70400K, used 31648K [0x735c0000, 0x77a80000, 0x9e040000)
  object space 70400K, 44% used [0x735c0000,0x754a8218,0x77a80000)
 PSPermGen       total 62720K, used 29792K [0x635c0000, 0x67300000, 0x735c0000)
  object space 62720K, 47% used [0x635c0000,0x652d83b0,0x67300000)
GC Heap History (10 events):
Event: 14.405 GC heap after
Heap after GC invocations=14 (full 1):
 PSYoungGen      total 165120K, used 4039K [0x9e040000, 0xab380000, 0xb35c0000)
  eden space 149248K, 0% used [0x9e040000,0x9e040000,0xa7200000)
  from space 15872K, 25% used [0xa7200000,0xa75f1d50,0xa8180000)
  to   space 15360K, 0% used [0xaa480000,0xaa480000,0xab380000)
 ParOldGen       total 70400K, used 37267K [0x735c0000, 0x77a80000, 0x9e040000)
  object space 70400K, 52% used [0x735c0000,0x75a24c78,0x77a80000)
 PSPermGen       total 56832K, used 28933K [0x635c0000, 0x66d40000, 0x735c0000)
  object space 56832K, 50% used [0x635c0000,0x65201468,0x66d40000)
}
Event: 14.405 GC heap before
{Heap before GC invocations=15 (full 2):
 PSYoungGen      total 165120K, used 4039K [0x9e040000, 0xab380000, 0xb35c0000)
  eden space 149248K, 0% used [0x9e040000,0x9e040000,0xa7200000)
  from space 15872K, 25% used [0xa7200000,0xa75f1d50,0xa8180000)
  to   space 15360K, 0% used [0xaa480000,0xaa480000,0xab380000)
 ParOldGen       total 70400K, used 37267K [0x735c0000, 0x77a80000, 0x9e040000)
  object space 70400K, 52% used [0x735c0000,0x75a24c78,0x77a80000)
 PSPermGen       total 56832K, used 28933K [0x635c0000, 0x66d40000, 0x735c0000)
  object space 56832K, 50% used [0x635c0000,0x65201468,0x66d40000)
Event: 14.660 GC heap after
Heap after GC invocations=15 (full 2):
 PSYoungGen      total 165120K, used 0K [0x9e040000, 0xab380000, 0xb35c0000)
  eden space 149248K, 0% used [0x9e040000,0x9e040000,0xa7200000)
  from space 15872K, 0% used [0xa7200000,0xa7200000,0xa8180000)
  to   space 15360K, 0% used [0xaa480000,0xaa480000,0xab380000)
 ParOldGen       total 70400K, used 31813K [0x735c0000, 0x77a80000, 0x9e040000)
  object space 70400K, 45% used [0x735c0000,0x754d1620,0x77a80000)
 PSPermGen       total 64256K, used 28932K [0x635c0000, 0x67480000, 0x735c0000)
  object space 64256K, 45% used [0x635c0000,0x65201328,0x67480000)
}
Event: 63.673 GC heap before
{Heap before GC invocations=16 (full 2):
 PSYoungGen      total 165120K, used 149248K [0x9e040000, 0xab380000, 0xb35c0000)
  eden space 149248K, 100% used [0x9e040000,0xa7200000,0xa7200000)
  from space 15872K, 0% used [0xa7200000,0xa7200000,0xa8180000)
  to   space 15360K, 0% used [0xaa480000,0xaa480000,0xab380000)
 ParOldGen       total 70400K, used 31813K [0x735c0000, 0x77a80000, 0x9e040000)
  object space 70400K, 45% used [0x735c0000,0x754d1620,0x77a80000)
 PSPermGen       total 64256K, used 29282K [0x635c0000, 0x67480000, 0x735c0000)
  object space 64256K, 45% used [0x635c0000,0x65258830,0x67480000)
Event: 63.680 GC heap after
Heap after GC invocations=16 (full 2):
 PSYoungGen      total 188672K, used 3497K [0x9e040000, 0xaad40000, 0xb35c0000)
  eden space 179712K, 0% used [0x9e040000,0x9e040000,0xa8fc0000)
  from space 8960K, 39% used [0xaa480000,0xaa7ea6a0,0xaad40000)
  to   space 15104K, 0% used [0xa8fc0000,0xa8fc0000,0xa9e80000)
 ParOldGen       total 70400K, used 31813K [0x735c0000, 0x77a80000, 0x9e040000)
  object space 70400K, 45% used [0x735c0000,0x754d1620,0x77a80000)
 PSPermGen       total 64256K, used 29282K [0x635c0000, 0x67480000, 0x735c0000)
  object space 64256K, 45% used [0x635c0000,0x65258830,0x67480000)
}
Event: 189.254 GC heap before
{Heap before GC invocations=17 (full 2):
 PSYoungGen      total 188672K, used 167716K [0x9e040000, 0xaad40000, 0xb35c0000)
  eden space 179712K, 91% used [0x9e040000,0xa809eba8,0xa8fc0000)
  from space 8960K, 39% used [0xaa480000,0xaa7ea6a0,0xaad40000)
  to   space 15104K, 0% used [0xa8fc0000,0xa8fc0000,0xa9e80000)
 ParOldGen       total 70400K, used 31813K [0x735c0000, 0x77a80000, 0x9e040000)
  object space 70400K, 45% used [0x735c0000,0x754d1620,0x77a80000)
 PSPermGen       total 64256K, used 29528K [0x635c0000, 0x67480000, 0x735c0000)
  object space 64256K, 45% used [0x635c0000,0x65296318,0x67480000)
Event: 189.261 GC heap after
Heap after GC invocations=17 (full 2):
 PSYoungGen      total 182272K, used 2423K [0x9e040000, 0xaacc0000, 0xb35c0000)
  eden space 179712K, 0% used [0x9e040000,0x9e040000,0xa8fc0000)
  from space 2560K, 94% used [0xa8fc0000,0xa921dd90,0xa9240000)
  to   space 14848K, 0% used [0xa9e40000,0xa9e40000,0xaacc0000)
 ParOldGen       total 70400K, used 31813K [0x735c0000, 0x77a80000, 0x9e040000)
  object space 70400K, 45% used [0x735c0000,0x754d1620,0x77a80000)
 PSPermGen       total 64256K, used 29528K [0x635c0000, 0x67480000, 0x735c0000)
  object space 64256K, 45% used [0x635c0000,0x65296318,0x67480000)
}
Event: 189.261 GC heap before
{Heap before GC invocations=18 (full 3):
 PSYoungGen      total 182272K, used 2423K [0x9e040000, 0xaacc0000, 0xb35c0000)
  eden space 179712K, 0% used [0x9e040000,0x9e040000,0xa8fc0000)
  from space 2560K, 94% used [0xa8fc0000,0xa921dd90,0xa9240000)
  to   space 14848K, 0% used [0xa9e40000,0xa9e40000,0xaacc0000)
 ParOldGen       total 70400K, used 31813K [0x735c0000, 0x77a80000, 0x9e040000)
  object space 70400K, 45% used [0x735c0000,0x754d1620,0x77a80000)
 PSPermGen       total 64256K, used 29528K [0x635c0000, 0x67480000, 0x735c0000)
  object space 64256K, 45% used [0x635c0000,0x65296318,0x67480000)
Event: 189.461 GC heap after
Heap after GC invocations=18 (full 3):
 PSYoungGen      total 182272K, used 0K [0x9e040000, 0xaacc0000, 0xb35c0000)
  eden space 179712K, 0% used [0x9e040000,0x9e040000,0xa8fc0000)
  from space 2560K, 0% used [0xa8fc0000,0xa8fc0000,0xa9240000)
  to   space 14848K, 0% used [0xa9e40000,0xa9e40000,0xaacc0000)
 ParOldGen       total 70400K, used 31648K [0x735c0000, 0x77a80000, 0x9e040000)
  object space 70400K, 44% used [0x735c0000,0x754a8218,0x77a80000)
 PSPermGen       total 62720K, used 29526K [0x635c0000, 0x67300000, 0x735c0000)
  object space 62720K, 47% used [0x635c0000,0x65295ad8,0x67300000)
}
Event: 580.762 GC heap before
{Heap before GC invocations=19 (full 3):
 PSYoungGen      total 182272K, used 179712K [0x9e040000, 0xaacc0000, 0xb35c0000)
  eden space 179712K, 100% used [0x9e040000,0xa8fc0000,0xa8fc0000)
  from space 2560K, 0% used [0xa8fc0000,0xa8fc0000,0xa9240000)
  to   space 14848K, 0% used [0xa9e40000,0xa9e40000,0xaacc0000)
 ParOldGen       total 70400K, used 31648K [0x735c0000, 0x77a80000, 0x9e040000)
  object space 70400K, 44% used [0x735c0000,0x754a8218,0x77a80000)
 PSPermGen       total 62720K, used 29792K [0x635c0000, 0x67300000, 0x735c0000)
  object space 62720K, 47% used [0x635c0000,0x652d83b0,0x67300000)

