# JRE version: Java(TM) SE Runtime Environment (7.0_72-b14) (build 1.7.0_72-b14)
# Java VM: Java HotSpot(TM) Server VM (24.72-b04 mixed mode linux-x86 )
Heap
 PSYoungGen      total 131328K, used 12784K [0x9e040000, 0xa6fc0000, 0xb35c0000)
  eden space 118528K, 0% used [0x9e040000,0x9e040000,0xa5400000)
  from space 12800K, 99% used [0xa5400000,0xa607c190,0xa6080000)
  to   space 9984K, 0% used [0xa6080000,0xa6080000,0xa6a40000)
 ParOldGen       total 39680K, used 22961K [0x735c0000, 0x75c80000, 0x9e040000)
  object space 39680K, 57% used [0x735c0000,0x74c2c618,0x75c80000)
 PSPermGen       total 24320K, used 24197K [0x635c0000, 0x64d80000, 0x735c0000)
  object space 24320K, 99% used [0x635c0000,0x64d61660,0x64d80000)
GC Heap History (10 events):
Event: 1.505 GC heap after
Heap after GC invocations=4 (full 0):
 PSYoungGen      total 33024K, used 2288K [0x9e040000, 0xa02c0000, 0xb35c0000)
  eden space 30720K, 0% used [0x9e040000,0x9e040000,0x9fe40000)
  from space 2304K, 99% used [0xa0080000,0xa02bc090,0xa02c0000)
  to   space 2304K, 0% used [0x9fe40000,0x9fe40000,0xa0080000)
 ParOldGen       total 39680K, used 4277K [0x735c0000, 0x75c80000, 0x9e040000)
  object space 39680K, 10% used [0x735c0000,0x739ed668,0x75c80000)
 PSPermGen       total 16384K, used 9100K [0x635c0000, 0x645c0000, 0x735c0000)
  object space 16384K, 55% used [0x635c0000,0x63ea33e0,0x645c0000)
}
Event: 2.006 GC heap before
{Heap before GC invocations=5 (full 0):
 PSYoungGen      total 33024K, used 33008K [0x9e040000, 0xa02c0000, 0xb35c0000)
  eden space 30720K, 100% used [0x9e040000,0x9fe40000,0x9fe40000)
  from space 2304K, 99% used [0xa0080000,0xa02bc090,0xa02c0000)
  to   space 2304K, 0% used [0x9fe40000,0x9fe40000,0xa0080000)
 ParOldGen       total 39680K, used 4277K [0x735c0000, 0x75c80000, 0x9e040000)
  object space 39680K, 10% used [0x735c0000,0x739ed668,0x75c80000)
 PSPermGen       total 16384K, used 11445K [0x635c0000, 0x645c0000, 0x735c0000)
  object space 16384K, 69% used [0x635c0000,0x640ed5b0,0x645c0000)
Event: 2.015 GC heap after
Heap after GC invocations=5 (full 0):
 PSYoungGen      total 33024K, used 2296K [0x9e040000, 0xa2a40000, 0xb35c0000)
  eden space 30720K, 0% used [0x9e040000,0x9e040000,0x9fe40000)
  from space 2304K, 99% used [0x9fe40000,0xa007e0a0,0xa0080000)
  to   space 7168K, 0% used [0xa2340000,0xa2340000,0xa2a40000)
 ParOldGen       total 39680K, used 8110K [0x735c0000, 0x75c80000, 0x9e040000)
  object space 39680K, 20% used [0x735c0000,0x73dab950,0x75c80000)
 PSPermGen       total 16384K, used 11445K [0x635c0000, 0x645c0000, 0x735c0000)
  object space 16384K, 69% used [0x635c0000,0x640ed5b0,0x645c0000)
}
Event: 2.549 GC heap before
{Heap before GC invocations=6 (full 0):
 PSYoungGen      total 33024K, used 33016K [0x9e040000, 0xa2a40000, 0xb35c0000)
  eden space 30720K, 100% used [0x9e040000,0x9fe40000,0x9fe40000)
  from space 2304K, 99% used [0x9fe40000,0xa007e0a0,0xa0080000)
  to   space 7168K, 0% used [0xa2340000,0xa2340000,0xa2a40000)
 ParOldGen       total 39680K, used 8110K [0x735c0000, 0x75c80000, 0x9e040000)
  object space 39680K, 20% used [0x735c0000,0x73dab950,0x75c80000)
 PSPermGen       total 16384K, used 13696K [0x635c0000, 0x645c0000, 0x735c0000)
  object space 16384K, 83% used [0x635c0000,0x643203c8,0x645c0000)
Event: 2.558 GC heap after
Heap after GC invocations=6 (full 0):
 PSYoungGen      total 67840K, used 6011K [0x9e040000, 0xa2bc0000, 0xb35c0000)
  eden space 60672K, 0% used [0x9e040000,0x9e040000,0xa1b80000)
  from space 7168K, 83% used [0xa2340000,0xa291eeb8,0xa2a40000)
  to   space 7936K, 0% used [0xa1b80000,0xa1b80000,0xa2340000)
 ParOldGen       total 39680K, used 8110K [0x735c0000, 0x75c80000, 0x9e040000)
  object space 39680K, 20% used [0x735c0000,0x73dab950,0x75c80000)
 PSPermGen       total 16384K, used 13696K [0x635c0000, 0x645c0000, 0x735c0000)
  object space 16384K, 83% used [0x635c0000,0x643203c8,0x645c0000)
}
Event: 3.691 GC heap before
{Heap before GC invocations=7 (full 0):
 PSYoungGen      total 67840K, used 66683K [0x9e040000, 0xa2bc0000, 0xb35c0000)
  eden space 60672K, 100% used [0x9e040000,0xa1b80000,0xa1b80000)
  from space 7168K, 83% used [0xa2340000,0xa291eeb8,0xa2a40000)
  to   space 7936K, 0% used [0xa1b80000,0xa1b80000,0xa2340000)
 ParOldGen       total 39680K, used 8110K [0x735c0000, 0x75c80000, 0x9e040000)
  object space 39680K, 20% used [0x735c0000,0x73dab950,0x75c80000)
 PSPermGen       total 16896K, used 16883K [0x635c0000, 0x64640000, 0x735c0000)
  object space 16896K, 99% used [0x635c0000,0x6463ce20,0x64640000)
Event: 3.703 GC heap after
Heap after GC invocations=7 (full 0):
 PSYoungGen      total 68608K, used 7931K [0x9e040000, 0xa6a40000, 0xb35c0000)
  eden space 60672K, 0% used [0x9e040000,0x9e040000,0xa1b80000)
  from space 7936K, 99% used [0xa1b80000,0xa233eff8,0xa2340000)
  to   space 9984K, 0% used [0xa6080000,0xa6080000,0xa6a40000)
 ParOldGen       total 39680K, used 9620K [0x735c0000, 0x75c80000, 0x9e040000)
  object space 39680K, 24% used [0x735c0000,0x73f25078,0x75c80000)
 PSPermGen       total 16896K, used 16883K [0x635c0000, 0x64640000, 0x735c0000)
  object space 16896K, 99% used [0x635c0000,0x6463ce20,0x64640000)
}
Event: 4.767 GC heap before
{Heap before GC invocations=8 (full 0):
 PSYoungGen      total 68608K, used 68603K [0x9e040000, 0xa6a40000, 0xb35c0000)
  eden space 60672K, 100% used [0x9e040000,0xa1b80000,0xa1b80000)
  from space 7936K, 99% used [0xa1b80000,0xa233eff8,0xa2340000)
  to   space 9984K, 0% used [0xa6080000,0xa6080000,0xa6a40000)
 ParOldGen       total 39680K, used 9620K [0x735c0000, 0x75c80000, 0x9e040000)
  object space 39680K, 24% used [0x735c0000,0x73f25078,0x75c80000)
 PSPermGen       total 20224K, used 20046K [0x635c0000, 0x64980000, 0x735c0000)
  object space 20224K, 99% used [0x635c0000,0x64953a28,0x64980000)
Event: 4.784 GC heap after
Heap after GC invocations=8 (full 0):
 PSYoungGen      total 128512K, used 9973K [0x9e040000, 0xa6fc0000, 0xb35c0000)
  eden space 118528K, 0% used [0x9e040000,0x9e040000,0xa5400000)
  from space 9984K, 99% used [0xa6080000,0xa6a3d608,0xa6a40000)
  to   space 12800K, 0% used [0xa5400000,0xa5400000,0xa6080000)
 ParOldGen       total 39680K, used 12131K [0x735c0000, 0x75c80000, 0x9e040000)
  object space 39680K, 30% used [0x735c0000,0x74198f60,0x75c80000)
 PSPermGen       total 20224K, used 20046K [0x635c0000, 0x64980000, 0x735c0000)
  object space 20224K, 99% used [0x635c0000,0x64953a28,0x64980000)
}
Event: 7.216 GC heap before
{Heap before GC invocations=9 (full 0):
 PSYoungGen      total 128512K, used 128501K [0x9e040000, 0xa6fc0000, 0xb35c0000)
  eden space 118528K, 100% used [0x9e040000,0xa5400000,0xa5400000)
  from space 9984K, 99% used [0xa6080000,0xa6a3d608,0xa6a40000)
  to   space 12800K, 0% used [0xa5400000,0xa5400000,0xa6080000)
 ParOldGen       total 39680K, used 12131K [0x735c0000, 0x75c80000, 0x9e040000)
  object space 39680K, 30% used [0x735c0000,0x74198f60,0x75c80000)
 PSPermGen       total 24320K, used 24197K [0x635c0000, 0x64d80000, 0x735c0000)
  object space 24320K, 99% used [0x635c0000,0x64d61660,0x64d80000)

