# JRE version: Java(TM) SE Runtime Environment (7.0_72-b14) (build 1.7.0_72-b14)
# Java VM: Java HotSpot(TM) Server VM (24.72-b04 mixed mode linux-x86 )
Heap
 PSYoungGen      total 33024K, used 2295K [0x9e040000, 0xa02c0000, 0xb35c0000)
  eden space 30720K, 0% used [0x9e040000,0x9e040000,0x9fe40000)
  from space 2304K, 99% used [0x9fe40000,0xa007dc10,0xa0080000)
  to   space 2304K, 0% used [0xa0080000,0xa0080000,0xa02c0000)
 ParOldGen       total 39680K, used 13709K [0x735c0000, 0x75c80000, 0x9e040000)
  object space 39680K, 34% used [0x735c0000,0x74323720,0x75c80000)
 PSPermGen       total 16384K, used 4501K [0x6f5c0000, 0x705c0000, 0x735c0000)
  object space 16384K, 27% used [0x6f5c0000,0x6fa25788,0x705c0000)
GC Heap History (5 events):
Event: 0.640 GC heap before
{Heap before GC invocations=1 (full 0):
 PSYoungGen      total 17664K, used 15360K [0x9e040000, 0x9f3c0000, 0xb35c0000)
  eden space 15360K, 100% used [0x9e040000,0x9ef40000,0x9ef40000)
  from space 2304K, 0% used [0x9f180000,0x9f180000,0x9f3c0000)
  to   space 2304K, 0% used [0x9ef40000,0x9ef40000,0x9f180000)
 ParOldGen       total 39680K, used 0K [0x735c0000, 0x75c80000, 0x9e040000)
  object space 39680K, 0% used [0x735c0000,0x735c0000,0x75c80000)
 PSPermGen       total 16384K, used 3300K [0x6f5c0000, 0x705c0000, 0x735c0000)
  object space 16384K, 20% used [0x6f5c0000,0x6f8f93e0,0x705c0000)
Event: 0.649 GC heap after
Heap after GC invocations=1 (full 0):
 PSYoungGen      total 17664K, used 2300K [0x9e040000, 0xa02c0000, 0xb35c0000)
  eden space 15360K, 0% used [0x9e040000,0x9e040000,0x9ef40000)
  from space 2304K, 99% used [0x9ef40000,0x9f17f0d8,0x9f180000)
  to   space 2304K, 0% used [0xa0080000,0xa0080000,0xa02c0000)
 ParOldGen       total 39680K, used 1646K [0x735c0000, 0x75c80000, 0x9e040000)
  object space 39680K, 4% used [0x735c0000,0x7375b9a0,0x75c80000)
 PSPermGen       total 16384K, used 3300K [0x6f5c0000, 0x705c0000, 0x735c0000)
  object space 16384K, 20% used [0x6f5c0000,0x6f8f93e0,0x705c0000)
}
Event: 1.069 GC heap before
{Heap before GC invocations=2 (full 0):
 PSYoungGen      total 17664K, used 17660K [0x9e040000, 0xa02c0000, 0xb35c0000)
  eden space 15360K, 100% used [0x9e040000,0x9ef40000,0x9ef40000)
  from space 2304K, 99% used [0x9ef40000,0x9f17f0d8,0x9f180000)
  to   space 2304K, 0% used [0xa0080000,0xa0080000,0xa02c0000)
 ParOldGen       total 39680K, used 1646K [0x735c0000, 0x75c80000, 0x9e040000)
  object space 39680K, 4% used [0x735c0000,0x7375b9a0,0x75c80000)
 PSPermGen       total 16384K, used 3376K [0x6f5c0000, 0x705c0000, 0x735c0000)
  object space 16384K, 20% used [0x6f5c0000,0x6f90c278,0x705c0000)
Event: 1.075 GC heap after
Heap after GC invocations=2 (full 0):
 PSYoungGen      total 33024K, used 2298K [0x9e040000, 0xa02c0000, 0xb35c0000)
  eden space 30720K, 0% used [0x9e040000,0x9e040000,0x9fe40000)
  from space 2304K, 99% used [0xa0080000,0xa02be9f8,0xa02c0000)
  to   space 2304K, 0% used [0x9fe40000,0x9fe40000,0xa0080000)
 ParOldGen       total 39680K, used 4166K [0x735c0000, 0x75c80000, 0x9e040000)
  object space 39680K, 10% used [0x735c0000,0x739d1a98,0x75c80000)
 PSPermGen       total 16384K, used 3376K [0x6f5c0000, 0x705c0000, 0x735c0000)
  object space 16384K, 20% used [0x6f5c0000,0x6f90c278,0x705c0000)
}
Event: 1.997 GC heap before
{Heap before GC invocations=3 (full 0):
 PSYoungGen      total 33024K, used 33018K [0x9e040000, 0xa02c0000, 0xb35c0000)
  eden space 30720K, 100% used [0x9e040000,0x9fe40000,0x9fe40000)
  from space 2304K, 99% used [0xa0080000,0xa02be9f8,0xa02c0000)
  to   space 2304K, 0% used [0x9fe40000,0x9fe40000,0xa0080000)
 ParOldGen       total 39680K, used 4166K [0x735c0000, 0x75c80000, 0x9e040000)
  object space 39680K, 10% used [0x735c0000,0x739d1a98,0x75c80000)
 PSPermGen       total 16384K, used 4501K [0x6f5c0000, 0x705c0000, 0x735c0000)
  object space 16384K, 27% used [0x6f5c0000,0x6fa25788,0x705c0000)

