# JRE version: Java(TM) SE Runtime Environment (7.0_72-b14) (build 1.7.0_72-b14)
# Java VM: Java HotSpot(TM) Server VM (24.72-b04 mixed mode linux-x86 )
Heap
 PSYoungGen      total 33024K, used 2288K [0x9dfc0000, 0xa0240000, 0xb3540000)
  eden space 30720K, 0% used [0x9dfc0000,0x9dfc0000,0x9fdc0000)
  from space 2304K, 99% used [0x9fdc0000,0x9fffc0a0,0xa0000000)
  to   space 2304K, 0% used [0xa0000000,0xa0000000,0xa0240000)
 ParOldGen       total 39680K, used 19914K [0x73540000, 0x75c00000, 0x9dfc0000)
  object space 39680K, 50% used [0x73540000,0x748b29f8,0x75c00000)
 PSPermGen       total 16384K, used 4524K [0x6f540000, 0x70540000, 0x73540000)
  object space 16384K, 27% used [0x6f540000,0x6f9ab2a0,0x70540000)
GC Heap History (9 events):
Event: 0.700 GC heap before
{Heap before GC invocations=1 (full 0):
 PSYoungGen      total 17664K, used 15360K [0x9dfc0000, 0x9f340000, 0xb3540000)
  eden space 15360K, 100% used [0x9dfc0000,0x9eec0000,0x9eec0000)
  from space 2304K, 0% used [0x9f100000,0x9f100000,0x9f340000)
  to   space 2304K, 0% used [0x9eec0000,0x9eec0000,0x9f100000)
 ParOldGen       total 39680K, used 0K [0x73540000, 0x75c00000, 0x9dfc0000)
  object space 39680K, 0% used [0x73540000,0x73540000,0x75c00000)
 PSPermGen       total 16384K, used 3300K [0x6f540000, 0x70540000, 0x73540000)
  object space 16384K, 20% used [0x6f540000,0x6f8793e0,0x70540000)
Event: 0.707 GC heap after
Heap after GC invocations=1 (full 0):
 PSYoungGen      total 17664K, used 2300K [0x9dfc0000, 0x9f340000, 0xb3540000)
  eden space 15360K, 0% used [0x9dfc0000,0x9dfc0000,0x9eec0000)
  from space 2304K, 99% used [0x9eec0000,0x9f0ff0d8,0x9f100000)
  to   space 2304K, 0% used [0x9f100000,0x9f100000,0x9f340000)
 ParOldGen       total 39680K, used 1631K [0x73540000, 0x75c00000, 0x9dfc0000)
  object space 39680K, 4% used [0x73540000,0x736d7f90,0x75c00000)
 PSPermGen       total 16384K, used 3300K [0x6f540000, 0x70540000, 0x73540000)
  object space 16384K, 20% used [0x6f540000,0x6f8793e0,0x70540000)
}
Event: 1.127 GC heap before
{Heap before GC invocations=2 (full 0):
 PSYoungGen      total 17664K, used 17660K [0x9dfc0000, 0x9f340000, 0xb3540000)
  eden space 15360K, 100% used [0x9dfc0000,0x9eec0000,0x9eec0000)
  from space 2304K, 99% used [0x9eec0000,0x9f0ff0d8,0x9f100000)
  to   space 2304K, 0% used [0x9f100000,0x9f100000,0x9f340000)
 ParOldGen       total 39680K, used 1631K [0x73540000, 0x75c00000, 0x9dfc0000)
  object space 39680K, 4% used [0x73540000,0x736d7f90,0x75c00000)
 PSPermGen       total 16384K, used 3375K [0x6f540000, 0x70540000, 0x73540000)
  object space 16384K, 20% used [0x6f540000,0x6f88bec8,0x70540000)
Event: 1.136 GC heap after
Heap after GC invocations=2 (full 0):
 PSYoungGen      total 17664K, used 2300K [0x9dfc0000, 0xa0240000, 0xb3540000)
  eden space 15360K, 0% used [0x9dfc0000,0x9dfc0000,0x9eec0000)
  from space 2304K, 99% used [0x9f100000,0x9f33f2f8,0x9f340000)
  to   space 2304K, 0% used [0x9eec0000,0x9eec0000,0x9f100000)
 ParOldGen       total 39680K, used 4170K [0x73540000, 0x75c00000, 0x9dfc0000)
  object space 39680K, 10% used [0x73540000,0x73952a18,0x75c00000)
 PSPermGen       total 16384K, used 3375K [0x6f540000, 0x70540000, 0x73540000)
  object space 16384K, 20% used [0x6f540000,0x6f88bec8,0x70540000)
}
Event: 1.843 GC heap before
{Heap before GC invocations=3 (full 0):
 PSYoungGen      total 17664K, used 17660K [0x9dfc0000, 0xa0240000, 0xb3540000)
  eden space 15360K, 100% used [0x9dfc0000,0x9eec0000,0x9eec0000)
  from space 2304K, 99% used [0x9f100000,0x9f33f2f8,0x9f340000)
  to   space 2304K, 0% used [0x9eec0000,0x9eec0000,0x9f100000)
 ParOldGen       total 39680K, used 4170K [0x73540000, 0x75c00000, 0x9dfc0000)
  object space 39680K, 10% used [0x73540000,0x73952a18,0x75c00000)
 PSPermGen       total 16384K, used 4462K [0x6f540000, 0x70540000, 0x73540000)
  object space 16384K, 27% used [0x6f540000,0x6f99ba00,0x70540000)
Event: 1.851 GC heap after
Heap after GC invocations=3 (full 0):
 PSYoungGen      total 17664K, used 2289K [0x9dfc0000, 0xa0240000, 0xb3540000)
  eden space 15360K, 0% used [0x9dfc0000,0x9dfc0000,0x9eec0000)
  from space 2304K, 99% used [0x9eec0000,0x9f0fc500,0x9f100000)
  to   space 2304K, 0% used [0xa0000000,0xa0000000,0xa0240000)
 ParOldGen       total 39680K, used 8528K [0x73540000, 0x75c00000, 0x9dfc0000)
  object space 39680K, 21% used [0x73540000,0x73d941e0,0x75c00000)
 PSPermGen       total 16384K, used 4462K [0x6f540000, 0x70540000, 0x73540000)
  object space 16384K, 27% used [0x6f540000,0x6f99ba00,0x70540000)
}
Event: 2.156 GC heap before
{Heap before GC invocations=4 (full 0):
 PSYoungGen      total 17664K, used 17649K [0x9dfc0000, 0xa0240000, 0xb3540000)
  eden space 15360K, 100% used [0x9dfc0000,0x9eec0000,0x9eec0000)
  from space 2304K, 99% used [0x9eec0000,0x9f0fc500,0x9f100000)
  to   space 2304K, 0% used [0xa0000000,0xa0000000,0xa0240000)
 ParOldGen       total 39680K, used 8528K [0x73540000, 0x75c00000, 0x9dfc0000)
  object space 39680K, 21% used [0x73540000,0x73d941e0,0x75c00000)
 PSPermGen       total 16384K, used 4500K [0x6f540000, 0x70540000, 0x73540000)
  object space 16384K, 27% used [0x6f540000,0x6f9a52a0,0x70540000)
Event: 2.162 GC heap after
Heap after GC invocations=4 (full 0):
 PSYoungGen      total 33024K, used 2296K [0x9dfc0000, 0xa0240000, 0xb3540000)
  eden space 30720K, 0% used [0x9dfc0000,0x9dfc0000,0x9fdc0000)
  from space 2304K, 99% used [0xa0000000,0xa023e2d0,0xa0240000)
  to   space 2304K, 0% used [0x9fdc0000,0x9fdc0000,0xa0000000)
 ParOldGen       total 39680K, used 11859K [0x73540000, 0x75c00000, 0x9dfc0000)
  object space 39680K, 29% used [0x73540000,0x740d4d80,0x75c00000)
 PSPermGen       total 16384K, used 4500K [0x6f540000, 0x70540000, 0x73540000)
  object space 16384K, 27% used [0x6f540000,0x6f9a52a0,0x70540000)
}
Event: 2.399 GC heap before
{Heap before GC invocations=5 (full 0):
 PSYoungGen      total 33024K, used 33016K [0x9dfc0000, 0xa0240000, 0xb3540000)
  eden space 30720K, 100% used [0x9dfc0000,0x9fdc0000,0x9fdc0000)
  from space 2304K, 99% used [0xa0000000,0xa023e2d0,0xa0240000)
  to   space 2304K, 0% used [0x9fdc0000,0x9fdc0000,0xa0000000)
 ParOldGen       total 39680K, used 11859K [0x73540000, 0x75c00000, 0x9dfc0000)
  object space 39680K, 29% used [0x73540000,0x740d4d80,0x75c00000)
 PSPermGen       total 16384K, used 4524K [0x6f540000, 0x70540000, 0x73540000)
  object space 16384K, 27% used [0x6f540000,0x6f9ab2a0,0x70540000)

