# JRE version: Java(TM) SE Runtime Environment (7.0_72-b14) (build 1.7.0_72-b14)
# Java VM: Java HotSpot(TM) Server VM (24.72-b04 mixed mode linux-x86 )
Heap
 PSYoungGen      total 33024K, used 2297K [0x9df40000, 0xa01c0000, 0xb34c0000)
  eden space 30720K, 0% used [0x9df40000,0x9df40000,0x9fd40000)
  from space 2304K, 99% used [0x9fd40000,0x9ff7e560,0x9ff80000)
  to   space 2304K, 0% used [0x9ff80000,0x9ff80000,0xa01c0000)
 ParOldGen       total 39680K, used 19474K [0x734c0000, 0x75b80000, 0x9df40000)
  object space 39680K, 49% used [0x734c0000,0x747c49c8,0x75b80000)
 PSPermGen       total 16384K, used 4526K [0x6f4c0000, 0x704c0000, 0x734c0000)
  object space 16384K, 27% used [0x6f4c0000,0x6f92b9b8,0x704c0000)
GC Heap History (9 events):
Event: 0.773 GC heap before
{Heap before GC invocations=1 (full 0):
 PSYoungGen      total 17664K, used 15360K [0x9df40000, 0x9f2c0000, 0xb34c0000)
  eden space 15360K, 100% used [0x9df40000,0x9ee40000,0x9ee40000)
  from space 2304K, 0% used [0x9f080000,0x9f080000,0x9f2c0000)
  to   space 2304K, 0% used [0x9ee40000,0x9ee40000,0x9f080000)
 ParOldGen       total 39680K, used 0K [0x734c0000, 0x75b80000, 0x9df40000)
  object space 39680K, 0% used [0x734c0000,0x734c0000,0x75b80000)
 PSPermGen       total 16384K, used 3300K [0x6f4c0000, 0x704c0000, 0x734c0000)
  object space 16384K, 20% used [0x6f4c0000,0x6f7f93d0,0x704c0000)
Event: 0.778 GC heap after
Heap after GC invocations=1 (full 0):
 PSYoungGen      total 17664K, used 2300K [0x9df40000, 0x9f2c0000, 0xb34c0000)
  eden space 15360K, 0% used [0x9df40000,0x9df40000,0x9ee40000)
  from space 2304K, 99% used [0x9ee40000,0x9f07f0d8,0x9f080000)
  to   space 2304K, 0% used [0x9f080000,0x9f080000,0x9f2c0000)
 ParOldGen       total 39680K, used 1643K [0x734c0000, 0x75b80000, 0x9df40000)
  object space 39680K, 4% used [0x734c0000,0x7365af90,0x75b80000)
 PSPermGen       total 16384K, used 3300K [0x6f4c0000, 0x704c0000, 0x734c0000)
  object space 16384K, 20% used [0x6f4c0000,0x6f7f93d0,0x704c0000)
}
Event: 1.197 GC heap before
{Heap before GC invocations=2 (full 0):
 PSYoungGen      total 17664K, used 17660K [0x9df40000, 0x9f2c0000, 0xb34c0000)
  eden space 15360K, 100% used [0x9df40000,0x9ee40000,0x9ee40000)
  from space 2304K, 99% used [0x9ee40000,0x9f07f0d8,0x9f080000)
  to   space 2304K, 0% used [0x9f080000,0x9f080000,0x9f2c0000)
 ParOldGen       total 39680K, used 1643K [0x734c0000, 0x75b80000, 0x9df40000)
  object space 39680K, 4% used [0x734c0000,0x7365af90,0x75b80000)
 PSPermGen       total 16384K, used 3377K [0x6f4c0000, 0x704c0000, 0x734c0000)
  object space 16384K, 20% used [0x6f4c0000,0x6f80c4c8,0x704c0000)
Event: 1.206 GC heap after
Heap after GC invocations=2 (full 0):
 PSYoungGen      total 17664K, used 2291K [0x9df40000, 0xa01c0000, 0xb34c0000)
  eden space 15360K, 0% used [0x9df40000,0x9df40000,0x9ee40000)
  from space 2304K, 99% used [0x9f080000,0x9f2bcc48,0x9f2c0000)
  to   space 2304K, 0% used [0x9ee40000,0x9ee40000,0x9f080000)
 ParOldGen       total 39680K, used 4157K [0x734c0000, 0x75b80000, 0x9df40000)
  object space 39680K, 10% used [0x734c0000,0x738cf690,0x75b80000)
 PSPermGen       total 16384K, used 3377K [0x6f4c0000, 0x704c0000, 0x734c0000)
  object space 16384K, 20% used [0x6f4c0000,0x6f80c4c8,0x704c0000)
}
Event: 1.950 GC heap before
{Heap before GC invocations=3 (full 0):
 PSYoungGen      total 17664K, used 17651K [0x9df40000, 0xa01c0000, 0xb34c0000)
  eden space 15360K, 100% used [0x9df40000,0x9ee40000,0x9ee40000)
  from space 2304K, 99% used [0x9f080000,0x9f2bcc48,0x9f2c0000)
  to   space 2304K, 0% used [0x9ee40000,0x9ee40000,0x9f080000)
 ParOldGen       total 39680K, used 4157K [0x734c0000, 0x75b80000, 0x9df40000)
  object space 39680K, 10% used [0x734c0000,0x738cf690,0x75b80000)
 PSPermGen       total 16384K, used 4464K [0x6f4c0000, 0x704c0000, 0x734c0000)
  object space 16384K, 27% used [0x6f4c0000,0x6f91c2d8,0x704c0000)
Event: 1.958 GC heap after
Heap after GC invocations=3 (full 0):
 PSYoungGen      total 17664K, used 2289K [0x9df40000, 0xa01c0000, 0xb34c0000)
  eden space 15360K, 0% used [0x9df40000,0x9df40000,0x9ee40000)
  from space 2304K, 99% used [0x9ee40000,0x9f07c550,0x9f080000)
  to   space 2304K, 0% used [0x9ff80000,0x9ff80000,0xa01c0000)
 ParOldGen       total 39680K, used 8095K [0x734c0000, 0x75b80000, 0x9df40000)
  object space 39680K, 20% used [0x734c0000,0x73ca7ef8,0x75b80000)
 PSPermGen       total 16384K, used 4464K [0x6f4c0000, 0x704c0000, 0x734c0000)
  object space 16384K, 27% used [0x6f4c0000,0x6f91c2d8,0x704c0000)
}
Event: 2.371 GC heap before
{Heap before GC invocations=4 (full 0):
 PSYoungGen      total 17664K, used 17649K [0x9df40000, 0xa01c0000, 0xb34c0000)
  eden space 15360K, 100% used [0x9df40000,0x9ee40000,0x9ee40000)
  from space 2304K, 99% used [0x9ee40000,0x9f07c550,0x9f080000)
  to   space 2304K, 0% used [0x9ff80000,0x9ff80000,0xa01c0000)
 ParOldGen       total 39680K, used 8095K [0x734c0000, 0x75b80000, 0x9df40000)
  object space 39680K, 20% used [0x734c0000,0x73ca7ef8,0x75b80000)
 PSPermGen       total 16384K, used 4502K [0x6f4c0000, 0x704c0000, 0x734c0000)
  object space 16384K, 27% used [0x6f4c0000,0x6f925b18,0x704c0000)
Event: 2.377 GC heap after
Heap after GC invocations=4 (full 0):
 PSYoungGen      total 33024K, used 2296K [0x9df40000, 0xa01c0000, 0xb34c0000)
  eden space 30720K, 0% used [0x9df40000,0x9df40000,0x9fd40000)
  from space 2304K, 99% used [0x9ff80000,0xa01be100,0xa01c0000)
  to   space 2304K, 0% used [0x9fd40000,0x9fd40000,0x9ff80000)
 ParOldGen       total 39680K, used 11429K [0x734c0000, 0x75b80000, 0x9df40000)
  object space 39680K, 28% used [0x734c0000,0x73fe95d0,0x75b80000)
 PSPermGen       total 16384K, used 4502K [0x6f4c0000, 0x704c0000, 0x734c0000)
  object space 16384K, 27% used [0x6f4c0000,0x6f925b18,0x704c0000)
}
Event: 2.654 GC heap before
{Heap before GC invocations=5 (full 0):
 PSYoungGen      total 33024K, used 33016K [0x9df40000, 0xa01c0000, 0xb34c0000)
  eden space 30720K, 100% used [0x9df40000,0x9fd40000,0x9fd40000)
  from space 2304K, 99% used [0x9ff80000,0xa01be100,0xa01c0000)
  to   space 2304K, 0% used [0x9fd40000,0x9fd40000,0x9ff80000)
 ParOldGen       total 39680K, used 11429K [0x734c0000, 0x75b80000, 0x9df40000)
  object space 39680K, 28% used [0x734c0000,0x73fe95d0,0x75b80000)
 PSPermGen       total 16384K, used 4526K [0x6f4c0000, 0x704c0000, 0x734c0000)
  object space 16384K, 27% used [0x6f4c0000,0x6f92b9b8,0x704c0000)

