# JRE version: Java(TM) SE Runtime Environment (7.0_72-b14) (build 1.7.0_72-b14)
# Java VM: Java HotSpot(TM) Server VM (24.72-b04 mixed mode linux-x86 )
Heap
 PSYoungGen      total 33024K, used 2300K [0x9df80000, 0xa0200000, 0xb3500000)
  eden space 30720K, 0% used [0x9df80000,0x9df80000,0x9fd80000)
  from space 2304K, 99% used [0x9fd80000,0x9ffbf188,0x9ffc0000)
  to   space 2304K, 0% used [0x9ffc0000,0x9ffc0000,0xa0200000)
 ParOldGen       total 39680K, used 27637K [0x73500000, 0x75bc0000, 0x9df80000)
  object space 39680K, 69% used [0x73500000,0x74ffd458,0x75bc0000)
 PSPermGen       total 16384K, used 4503K [0x6f500000, 0x70500000, 0x73500000)
  object space 16384K, 27% used [0x6f500000,0x6f965f98,0x70500000)
GC Heap History (9 events):
Event: 0.693 GC heap before
{Heap before GC invocations=1 (full 0):
 PSYoungGen      total 17664K, used 15360K [0x9df80000, 0x9f300000, 0xb3500000)
  eden space 15360K, 100% used [0x9df80000,0x9ee80000,0x9ee80000)
  from space 2304K, 0% used [0x9f0c0000,0x9f0c0000,0x9f300000)
  to   space 2304K, 0% used [0x9ee80000,0x9ee80000,0x9f0c0000)
 ParOldGen       total 39680K, used 0K [0x73500000, 0x75bc0000, 0x9df80000)
  object space 39680K, 0% used [0x73500000,0x73500000,0x75bc0000)
 PSPermGen       total 16384K, used 3300K [0x6f500000, 0x70500000, 0x73500000)
  object space 16384K, 20% used [0x6f500000,0x6f8392b8,0x70500000)
Event: 0.700 GC heap after
Heap after GC invocations=1 (full 0):
 PSYoungGen      total 17664K, used 2299K [0x9df80000, 0x9f300000, 0xb3500000)
  eden space 15360K, 0% used [0x9df80000,0x9df80000,0x9ee80000)
  from space 2304K, 99% used [0x9ee80000,0x9f0befa0,0x9f0c0000)
  to   space 2304K, 0% used [0x9f0c0000,0x9f0c0000,0x9f300000)
 ParOldGen       total 39680K, used 1631K [0x73500000, 0x75bc0000, 0x9df80000)
  object space 39680K, 4% used [0x73500000,0x73697df0,0x75bc0000)
 PSPermGen       total 16384K, used 3300K [0x6f500000, 0x70500000, 0x73500000)
  object space 16384K, 20% used [0x6f500000,0x6f8392b8,0x70500000)
}
Event: 1.052 GC heap before
{Heap before GC invocations=2 (full 0):
 PSYoungGen      total 17664K, used 17659K [0x9df80000, 0x9f300000, 0xb3500000)
  eden space 15360K, 100% used [0x9df80000,0x9ee80000,0x9ee80000)
  from space 2304K, 99% used [0x9ee80000,0x9f0befa0,0x9f0c0000)
  to   space 2304K, 0% used [0x9f0c0000,0x9f0c0000,0x9f300000)
 ParOldGen       total 39680K, used 1631K [0x73500000, 0x75bc0000, 0x9df80000)
  object space 39680K, 4% used [0x73500000,0x73697df0,0x75bc0000)
 PSPermGen       total 16384K, used 3630K [0x6f500000, 0x70500000, 0x73500000)
  object space 16384K, 22% used [0x6f500000,0x6f88b9e0,0x70500000)
Event: 1.058 GC heap after
Heap after GC invocations=2 (full 0):
 PSYoungGen      total 17664K, used 2300K [0x9df80000, 0xa0200000, 0xb3500000)
  eden space 15360K, 0% used [0x9df80000,0x9df80000,0x9ee80000)
  from space 2304K, 99% used [0x9f0c0000,0x9f2ff188,0x9f300000)
  to   space 2304K, 0% used [0x9ee80000,0x9ee80000,0x9f0c0000)
 ParOldGen       total 39680K, used 4837K [0x73500000, 0x75bc0000, 0x9df80000)
  object space 39680K, 12% used [0x73500000,0x739b9790,0x75bc0000)
 PSPermGen       total 16384K, used 3630K [0x6f500000, 0x70500000, 0x73500000)
  object space 16384K, 22% used [0x6f500000,0x6f88b9e0,0x70500000)
}
Event: 1.635 GC heap before
{Heap before GC invocations=3 (full 0):
 PSYoungGen      total 17664K, used 17660K [0x9df80000, 0xa0200000, 0xb3500000)
  eden space 15360K, 100% used [0x9df80000,0x9ee80000,0x9ee80000)
  from space 2304K, 99% used [0x9f0c0000,0x9f2ff188,0x9f300000)
  to   space 2304K, 0% used [0x9ee80000,0x9ee80000,0x9f0c0000)
 ParOldGen       total 39680K, used 4837K [0x73500000, 0x75bc0000, 0x9df80000)
  object space 39680K, 12% used [0x73500000,0x739b9790,0x75bc0000)
 PSPermGen       total 16384K, used 4467K [0x6f500000, 0x70500000, 0x73500000)
  object space 16384K, 27% used [0x6f500000,0x6f95ccd8,0x70500000)
Event: 1.640 GC heap after
Heap after GC invocations=3 (full 0):
 PSYoungGen      total 17664K, used 2292K [0x9df80000, 0xa0200000, 0xb3500000)
  eden space 15360K, 0% used [0x9df80000,0x9df80000,0x9ee80000)
  from space 2304K, 99% used [0x9ee80000,0x9f0bd198,0x9f0c0000)
  to   space 2304K, 0% used [0x9ffc0000,0x9ffc0000,0xa0200000)
 ParOldGen       total 39680K, used 11404K [0x73500000, 0x75bc0000, 0x9df80000)
  object space 39680K, 28% used [0x73500000,0x74023358,0x75bc0000)
 PSPermGen       total 16384K, used 4467K [0x6f500000, 0x70500000, 0x73500000)
  object space 16384K, 27% used [0x6f500000,0x6f95ccd8,0x70500000)
}
Event: 1.783 GC heap before
{Heap before GC invocations=4 (full 0):
 PSYoungGen      total 17664K, used 17652K [0x9df80000, 0xa0200000, 0xb3500000)
  eden space 15360K, 100% used [0x9df80000,0x9ee80000,0x9ee80000)
  from space 2304K, 99% used [0x9ee80000,0x9f0bd198,0x9f0c0000)
  to   space 2304K, 0% used [0x9ffc0000,0x9ffc0000,0xa0200000)
 ParOldGen       total 39680K, used 11404K [0x73500000, 0x75bc0000, 0x9df80000)
  object space 39680K, 28% used [0x73500000,0x74023358,0x75bc0000)
 PSPermGen       total 16384K, used 4485K [0x6f500000, 0x70500000, 0x73500000)
  object space 16384K, 27% used [0x6f500000,0x6f9616c8,0x70500000)
Event: 1.788 GC heap after
Heap after GC invocations=4 (full 0):
 PSYoungGen      total 33024K, used 2300K [0x9df80000, 0xa0200000, 0xb3500000)
  eden space 30720K, 0% used [0x9df80000,0x9df80000,0x9fd80000)
  from space 2304K, 99% used [0x9ffc0000,0xa01ff188,0xa0200000)
  to   space 2304K, 0% used [0x9fd80000,0x9fd80000,0x9ffc0000)
 ParOldGen       total 39680K, used 20933K [0x73500000, 0x75bc0000, 0x9df80000)
  object space 39680K, 52% used [0x73500000,0x74971460,0x75bc0000)
 PSPermGen       total 16384K, used 4485K [0x6f500000, 0x70500000, 0x73500000)
  object space 16384K, 27% used [0x6f500000,0x6f9616c8,0x70500000)
}
Event: 2.032 GC heap before
{Heap before GC invocations=5 (full 0):
 PSYoungGen      total 33024K, used 33020K [0x9df80000, 0xa0200000, 0xb3500000)
  eden space 30720K, 100% used [0x9df80000,0x9fd80000,0x9fd80000)
  from space 2304K, 99% used [0x9ffc0000,0xa01ff188,0xa0200000)
  to   space 2304K, 0% used [0x9fd80000,0x9fd80000,0x9ffc0000)
 ParOldGen       total 39680K, used 20933K [0x73500000, 0x75bc0000, 0x9df80000)
  object space 39680K, 52% used [0x73500000,0x74971460,0x75bc0000)
 PSPermGen       total 16384K, used 4503K [0x6f500000, 0x70500000, 0x73500000)
  object space 16384K, 27% used [0x6f500000,0x6f965f98,0x70500000)

